<?xml version="1.0" encoding="UTF-8"?>
<!-- Generated by org.testng.reporters.JUnitXMLReporter -->
<testsuite ignored="0" hostname="Adarsh" failures="0" tests="4" name="Default test" time="11.53" errors="0" timestamp="2022-12-01T14:03:26 IST">
  <testcase classname="automation.fb.FacebookSignupPage" name="signupPage" time="7.915"/>
  <testcase classname="automation.fb.FacebookSignupPage" name="xpath_contains_function" time="0.973"/>
  <testcase classname="automation.fb.FacebookSignupPage" name="xpath_startwith" time="0.042"/>
  <testcase classname="automation.fb.FacebookSignupPage" name="xpath_text_function" time="1.046"/>
</testsuite> <!-- Default test -->
