<?xml version="1.0" encoding="UTF-8"?>
<!-- Generated by org.testng.reporters.JUnitXMLReporter -->
<testsuite ignored="1" hostname="DESKTOP-692KJGU" failures="0" tests="1" name="Default test" time="6.934" errors="0" timestamp="2022-11-30T22:52:08 IST">
  <testcase classname="automation.fb.facebookLoginPage" name="loginPageCssSelecotor" time="6.902"/>
  <testcase classname="automation.fb.facebookLoginPage" name="loginPage" time="0.0">
    <ignored/>
  </testcase> <!-- loginPage -->
</testsuite> <!-- Default test -->
