<?xml version="1.0" encoding="UTF-8"?>
<testng-results ignored="0" total="1" passed="1" failed="0" skipped="0">
  <reporter-output>
  </reporter-output>
  <suite started-at="2022-11-29T20:49:51 IST" name="Default suite" finished-at="2022-11-29T20:50:02 IST" duration-ms="11194">
    <groups>
    </groups>
    <test started-at="2022-11-29T20:49:51 IST" name="Default test" finished-at="2022-11-29T20:50:02 IST" duration-ms="11194">
      <class name="automation.fb.FacebookSignupPage">
        <test-method signature="signupPage()[pri:0, instance:automation.fb.FacebookSignupPage@6ca8564a]" started-at="2022-11-29T20:49:51 IST" name="signupPage" finished-at="2022-11-29T20:50:02 IST" duration-ms="11137" status="PASS">
          <reporter-output>
          </reporter-output>
        </test-method> <!-- signupPage -->
      </class> <!-- automation.fb.FacebookSignupPage -->
    </test> <!-- Default test -->
  </suite> <!-- Default suite -->
</testng-results>
